<?xml version="1.0" encoding="UTF-8"?>
<!-- Generated by org.testng.reporters.JUnitReportReporter -->
<testsuite hostname="Loyolas-MBP" failures="0" tests="1" name="TC001_GET_Request" time="2.520" errors="0" timestamp="2023-04-25T11:52:13 GMT-04:00" skipped="0">
  <testcase classname="TC001_GET_Request" name="getweatherDetails" time="2.520"/>
  <system-out/>
</testsuite> <!-- TC001_GET_Request -->
