<?xml version="1.0" encoding="UTF-8"?>
<!-- Generated by org.testng.reporters.JUnitReportReporter -->
<testsuite hostname="Loyolas-MBP" failures="0" tests="4" name="datadriventesting.DataDrivenTest_AddNewEmployees" time="3.400" errors="0" timestamp="2023-04-26T12:54:31 GMT-04:00" skipped="0">
  <testcase classname="datadriventesting.DataDrivenTest_AddNewEmployees" name="postNewEmployees" time="2.439"/>
  <system-out/>
  <testcase classname="datadriventesting.DataDrivenTest_AddNewEmployees" name="postNewEmployees" time="0.336"/>
  <system-out/>
  <testcase classname="datadriventesting.DataDrivenTest_AddNewEmployees" name="postNewEmployees" time="0.306"/>
  <system-out/>
  <testcase classname="datadriventesting.DataDrivenTest_AddNewEmployees" name="postNewEmployees" time="0.319"/>
  <system-out/>
</testsuite> <!-- datadriventesting.DataDrivenTest_AddNewEmployees -->
