<?xml version="1.0" encoding="UTF-8"?>
<!-- Generated by org.testng.reporters.JUnitReportReporter -->
<testsuite hostname="Loyolas-MBP" failures="0" tests="1" name="TC002_POST_Request" time="3.532" errors="0" timestamp="2023-04-25T12:11:19 GMT-04:00" skipped="0">
  <testcase classname="TC002_POST_Request" name="registrationSuccessful" time="3.532"/>
  <system-out/>
</testsuite> <!-- TC002_POST_Request -->
