<?xml version="1.0" encoding="UTF-8"?>
<!-- Generated by org.testng.reporters.JUnitReportReporter -->
<testsuite hostname="Loyolas-MBP" failures="0" tests="1" name="TC005_GET_ValidatingJSONResponse" time="2.414" errors="0" timestamp="2023-04-26T10:25:38 GMT-04:00" skipped="0">
  <testcase classname="TC005_GET_ValidatingJSONResponse" name="getWeatherDetails" time="2.414"/>
  <system-out/>
</testsuite> <!-- TC005_GET_ValidatingJSONResponse -->
