<?xml version="1.0" encoding="UTF-8"?>
<!-- Generated by org.testng.reporters.JUnitReportReporter -->
<testsuite hostname="Loyolas-MBP" failures="0" tests="1" name="Demo4_GET_Request_PrintAllHeaders" time="2.414" errors="0" timestamp="2023-04-26T10:12:51 GMT-04:00" skipped="0">
  <testcase classname="Demo4_GET_Request_PrintAllHeaders" name="getWeatherDetails" time="2.414"/>
  <system-out/>
</testsuite> <!-- Demo4_GET_Request_PrintAllHeaders -->
