<?xml version="1.0" encoding="UTF-8"?>
<!-- Generated by org.testng.reporters.JUnitReportReporter -->
<testsuite hostname="Loyolas-MBP" failures="0" tests="1" name="TC006_GET_ExtractValuesOfEachNodeInJSON" time="3.436" errors="0" timestamp="2023-04-27T12:36:20 GMT-04:00" skipped="0">
  <testcase classname="TC006_GET_ExtractValuesOfEachNodeInJSON" name="getWeatherDetails" time="3.436"/>
  <system-out/>
</testsuite> <!-- TC006_GET_ExtractValuesOfEachNodeInJSON -->
