<?xml version="1.0" encoding="UTF-8"?>
<!-- Generated by org.testng.reporters.JUnitReportReporter -->
<testsuite hostname="Loyolas-MBP" failures="0" tests="1" name="TC007_GET_Request_Authorization" time="2.636" errors="0" timestamp="2023-04-26T11:26:00 GMT-04:00" skipped="0">
  <testcase classname="TC007_GET_Request_Authorization" name="getWeatherDetails" time="2.636"/>
  <system-out/>
</testsuite> <!-- TC007_GET_Request_Authorization -->
